<?xml version="1.0" encoding="UTF-8"?>
<Site BuildName="(empty)"
	BuildStamp="20240716-2025-Experimental"
	Name="kimkt0408"
	Generator="ctest-3.26.4"
	CompilerName="/usr/bin/c++"
	CompilerVersion="9.4.0"
	OSName="Linux"
	Hostname="kimkt0408"
	OSRelease="5.15.0-113-generic"
	OSVersion="#123~20.04.1-Ubuntu SMP Wed Jun 12 17:33:13 UTC 2024"
	OSPlatform="x86_64"
	Is64Bits="1"
	VendorString="GenuineIntel"
	VendorID="Intel Corporation"
	FamilyID="6"
	ModelID="165"
	ProcessorCacheSize="12288"
	NumberOfLogicalCPU="12"
	NumberOfPhysicalCPU="6"
	TotalVirtualMemory="2047"
	TotalPhysicalMemory="31711"
	LogicalProcessorsPerPhysical="2"
	ProcessorClockFrequency="899.999"
	>
	<Testing>
		<StartDateTime>Jul 16 18:46 EDT</StartDateTime>
		<StartTestTime>1721170013</StartTestTime>
		<TestList/>
		<EndDateTime>Jul 16 18:46 EDT</EndDateTime>
		<EndTestTime>1721170013</EndTestTime>
		<ElapsedMinutes>0</ElapsedMinutes>
	</Testing>
</Site>
