<?xml version="1.0" encoding="UTF-8"?>
<Site BuildName="(empty)"
	BuildStamp="20240617-1959-Experimental"
	Name="kimkt0408"
	Generator="ctest-3.26.4"
	CompilerName="/usr/bin/c++"
	CompilerVersion="9.4.0"
	OSName="Linux"
	Hostname="kimkt0408"
	OSRelease="5.15.0-107-generic"
	OSVersion="#117~20.04.1-Ubuntu SMP Tue Apr 30 10:35:57 UTC 2024"
	OSPlatform="x86_64"
	Is64Bits="1"
	VendorString="GenuineIntel"
	VendorID="Intel Corporation"
	FamilyID="6"
	ModelID="165"
	ProcessorCacheSize="12288"
	NumberOfLogicalCPU="12"
	NumberOfPhysicalCPU="6"
	TotalVirtualMemory="2047"
	TotalPhysicalMemory="31711"
	LogicalProcessorsPerPhysical="2"
	ProcessorClockFrequency="3535.3"
	>
	<Testing>
		<StartDateTime>Jun 17 16:12 EDT</StartDateTime>
		<StartTestTime>1718655169</StartTestTime>
		<TestList/>
		<EndDateTime>Jun 17 16:12 EDT</EndDateTime>
		<EndTestTime>1718655169</EndTestTime>
		<ElapsedMinutes>0</ElapsedMinutes>
	</Testing>
</Site>
